<?xml version="1.0" encoding="UTF-8"?>
<testsuite xmlns:xsi="http://www.w3.org/2001/XMLSchema-instance" xsi:noNamespaceSchemaLocation="https://maven.apache.org/surefire/maven-surefire-plugin/xsd/surefire-test-report.xsd" name="TestSuite" time="28.277" tests="9" errors="0" skipped="0" failures="0">
  <properties>
[...]
</properties>
  <testcase name="loginSauceDemo" classname="tests.PurchaseSwagLabs" time="1.111"/>
  <testcase name="sortFilterZtoA" classname="tests.PurchaseSwagLabs" time="0.364"/>
  <testcase name="validateProductsSorted" classname="tests.PurchaseSwagLabs" time="0.072"/>
  <testcase name="addItemstoCart" classname="tests.PurchaseSwagLabs" time="0.724"/>
  <testcase name="clickOnCheckOut" classname="tests.PurchaseSwagLabs" time="0.233"/>
  <testcase name="fillYourInformation" classname="tests.PurchaseSwagLabs" time="0.561"/>
  <testcase name="clickOnFinishPage" classname="tests.PurchaseSwagLabs" time="0.253"/>
  <testcase name="transactionComplete" classname="tests.PurchaseSwagLabs" time="0.054"/>
  <testcase name="verifyConfirmatioinMessage" classname="tests.PurchaseSwagLabs" time="0.047"/>
</testsuite>