<?xml version="1.0" encoding="UTF-8"?>
<testng-results ignored="0" total="9" passed="9" failed="0" skipped="0">
  <reporter-output>
  </reporter-output>
  <suite started-at="2021-08-30T00:02:10 IST" name="runtest" finished-at="2021-08-30T00:02:47 IST" duration-ms="36426">
    <groups>
    </groups>
    <test started-at="2021-08-30T00:02:10 IST" name="Opera_Browser" finished-at="2021-08-30T00:02:47 IST" duration-ms="36426">
      <class name="tests.PurchaseSwagLabs">
        <test-method is-config="true" signature="Config()[pri:0, instance:tests.PurchaseSwagLabs@248e319b]" started-at="2021-08-30T00:02:10 IST" name="Config" finished-at="2021-08-30T00:02:10 IST" duration-ms="36" status="PASS">
          <reporter-output>
          </reporter-output>
        </test-method> <!-- Config -->
        <test-method is-config="true" signature="launchBrowser(java.lang.String)[pri:0, instance:tests.PurchaseSwagLabs@248e319b]" started-at="2021-08-30T00:02:11 IST" name="launchBrowser" finished-at="2021-08-30T00:02:23 IST" duration-ms="12114" status="PASS">
          <params>
            <param index="0">
              <value>
                <![CDATA[firefox]]>
              </value>
            </param>
          </params>
          <reporter-output>
          </reporter-output>
        </test-method> <!-- launchBrowser -->
        <test-method is-config="true" signature="setup()[pri:0, instance:tests.PurchaseSwagLabs@248e319b]" started-at="2021-08-30T00:02:23 IST" name="setup" finished-at="2021-08-30T00:02:23 IST" duration-ms="77" status="PASS">
          <reporter-output>
          </reporter-output>
        </test-method> <!-- setup -->
        <test-method signature="loginSauceDemo()[pri:1, instance:tests.PurchaseSwagLabs@248e319b]" started-at="2021-08-30T00:02:23 IST" name="loginSauceDemo" description="Login" finished-at="2021-08-30T00:02:25 IST" duration-ms="2489" status="PASS">
          <reporter-output>
          </reporter-output>
        </test-method> <!-- loginSauceDemo -->
        <test-method signature="sortFilterZtoA()[pri:2, instance:tests.PurchaseSwagLabs@248e319b]" started-at="2021-08-30T00:02:28 IST" name="sortFilterZtoA" description="Sort items" finished-at="2021-08-30T00:02:28 IST" duration-ms="473" status="PASS">
          <reporter-output>
          </reporter-output>
        </test-method> <!-- sortFilterZtoA -->
        <test-method signature="validateProductsSorted()[pri:3, instance:tests.PurchaseSwagLabs@248e319b]" started-at="2021-08-30T00:02:30 IST" name="validateProductsSorted" description="Get all the items in the page" finished-at="2021-08-30T00:02:31 IST" duration-ms="120" status="PASS">
          <reporter-output>
          </reporter-output>
        </test-method> <!-- validateProductsSorted -->
        <test-method signature="addItemstoCart()[pri:4, instance:tests.PurchaseSwagLabs@248e319b]" started-at="2021-08-30T00:02:33 IST" name="addItemstoCart" description="Add items to cart" finished-at="2021-08-30T00:02:34 IST" duration-ms="795" status="PASS">
          <reporter-output>
          </reporter-output>
        </test-method> <!-- addItemstoCart -->
        <test-method signature="clickOnCheckOut()[pri:5, instance:tests.PurchaseSwagLabs@248e319b]" started-at="2021-08-30T00:02:35 IST" name="clickOnCheckOut" description="Click on CheckOut" finished-at="2021-08-30T00:02:36 IST" duration-ms="376" status="PASS">
          <reporter-output>
          </reporter-output>
        </test-method> <!-- clickOnCheckOut -->
        <test-method signature="fillYourInformation(builder.YourInfoBuilder)[pri:6, instance:tests.PurchaseSwagLabs@248e319b]" started-at="2021-08-30T00:02:37 IST" name="fillYourInformation" description="Enter your Information" data-provider="saucedemo" finished-at="2021-08-30T00:02:38 IST" duration-ms="868" status="PASS">
          <params>
            <param index="0">
              <value>
                <![CDATA[builder.YourInfoBuilder@4b6d92e]]>
              </value>
            </param>
          </params>
          <reporter-output>
          </reporter-output>
        </test-method> <!-- fillYourInformation -->
        <test-method signature="clickOnFinishPage()[pri:7, instance:tests.PurchaseSwagLabs@248e319b]" started-at="2021-08-30T00:02:40 IST" name="clickOnFinishPage" description="ClickOnFinishPage" finished-at="2021-08-30T00:02:40 IST" duration-ms="255" status="PASS">
          <reporter-output>
          </reporter-output>
        </test-method> <!-- clickOnFinishPage -->
        <test-method signature="transactionComplete()[pri:8, instance:tests.PurchaseSwagLabs@248e319b]" started-at="2021-08-30T00:02:42 IST" name="transactionComplete" description="Transaction Complete Page" finished-at="2021-08-30T00:02:42 IST" duration-ms="89" status="PASS">
          <reporter-output>
          </reporter-output>
        </test-method> <!-- transactionComplete -->
        <test-method signature="verifyConfirmatioinMessage()[pri:9, instance:tests.PurchaseSwagLabs@248e319b]" started-at="2021-08-30T00:02:44 IST" name="verifyConfirmatioinMessage" description="Verify Confirmatioin message" finished-at="2021-08-30T00:02:44 IST" depends-on-methods="tests.PurchaseSwagLabs.clickOnFinishPage" duration-ms="85" status="PASS">
          <reporter-output>
          </reporter-output>
        </test-method> <!-- verifyConfirmatioinMessage -->
        <test-method is-config="true" signature="tearDownBrowser()[pri:0, instance:tests.PurchaseSwagLabs@248e319b]" started-at="2021-08-30T00:02:45 IST" name="tearDownBrowser" finished-at="2021-08-30T00:02:47 IST" duration-ms="1567" status="PASS">
          <reporter-output>
          </reporter-output>
        </test-method> <!-- tearDownBrowser -->
        <test-method is-config="true" signature="afterTest()[pri:0, instance:tests.PurchaseSwagLabs@248e319b]" started-at="2021-08-30T00:02:47 IST" name="afterTest" description="After test info" finished-at="2021-08-30T00:02:47 IST" duration-ms="1" status="PASS">
          <reporter-output>
          </reporter-output>
        </test-method> <!-- afterTest -->
      </class> <!-- tests.PurchaseSwagLabs -->
    </test> <!-- Opera_Browser -->
  </suite> <!-- runtest -->
</testng-results>
