<?xml version="1.0" encoding="UTF-8"?>
<!-- Generated by org.testng.reporters.JUnitXMLReporter -->
<testsuite ignored="0" hostname="DESKTOP-H4JITLN" failures="0" tests="9" name="firefox_browser" time="30.317" errors="0" timestamp="2021-08-30T10:22:14 IST">
  <testcase classname="tests.PurchaseSwagLabs" name="loginSauceDemo" time="1.298"/>
  <testcase classname="tests.PurchaseSwagLabs" name="sortFilterZtoA" time="0.468"/>
  <testcase classname="tests.PurchaseSwagLabs" name="validateProductsSorted" time="0.058"/>
  <testcase classname="tests.PurchaseSwagLabs" name="addItemstoCart" time="0.744"/>
  <testcase classname="tests.PurchaseSwagLabs" name="clickOnCheckOut" time="0.302"/>
  <testcase classname="tests.PurchaseSwagLabs" name="fillYourInformation" time="0.568"/>
  <testcase classname="tests.PurchaseSwagLabs" name="clickOnFinishPage" time="0.237"/>
  <testcase classname="tests.PurchaseSwagLabs" name="transactionComplete" time="0.052"/>
  <testcase classname="tests.PurchaseSwagLabs" name="verifyConfirmatioinMessage" time="0.044"/>
</testsuite> <!-- firefox_browser -->
