<?xml version="1.0" encoding="UTF-8"?>
<!-- Generated by org.testng.reporters.JUnitXMLReporter -->
<testsuite ignored="0" hostname="DESKTOP-H4JITLN" failures="0" tests="9" name="Opera_Browser" time="27.425" errors="0" timestamp="2021-08-29T19:25:27 IST">
  <testcase classname="tests.PurchaseSwagLabs" name="loginSauceDemo" time="1.108"/>
  <testcase classname="tests.PurchaseSwagLabs" name="sortFilterZtoA" time="0.363"/>
  <testcase classname="tests.PurchaseSwagLabs" name="validateProductsSorted" time="0.071"/>
  <testcase classname="tests.PurchaseSwagLabs" name="addItemstoCart" time="0.725"/>
  <testcase classname="tests.PurchaseSwagLabs" name="clickOnCheckOut" time="0.233"/>
  <testcase classname="tests.PurchaseSwagLabs" name="fillYourInformation" time="0.56"/>
  <testcase classname="tests.PurchaseSwagLabs" name="clickOnFinishPage" time="0.253"/>
  <testcase classname="tests.PurchaseSwagLabs" name="transactionComplete" time="0.053"/>
  <testcase classname="tests.PurchaseSwagLabs" name="verifyConfirmatioinMessage" time="0.048"/>
</testsuite> <!-- Opera_Browser -->
